<?xml version="1.0" encoding="UTF-8"?>
<testsuite xmlns:xsi="http://www.w3.org/2001/XMLSchema-instance" xsi:noNamespaceSchemaLocation="https://maven.apache.org/surefire/maven-surefire-plugin/xsd/surefire-test-report.xsd" version="3.0.2" name="cl.skyscraper.payments.controller.PaymentMethodControllerTest" time="0.567" tests="6" errors="0" skipped="0" failures="0" flakes="0">
  <properties>
[...]
</properties>
  <testcase name="testGetPaymentMethodById" classname="cl.skyscraper.payments.controller.PaymentMethodControllerTest" time="0.019">
    <system-out><![CDATA[2026-06-29T18:38:51.303-04:00  INFO 123763 --- [payments] [           main] t.c.s.AnnotationConfigContextLoaderUtils : Could not detect default configuration classes for test class [cl.skyscraper.payments.controller.PaymentMethodControllerTest]: PaymentMethodControllerTest does not declare any static, non-private, non-final, nested classes annotated with @Configuration.
2026-06-29T18:38:51.308-04:00  INFO 123763 --- [payments] [           main] .b.t.c.SpringBootTestContextBootstrapper : Found @SpringBootConfiguration cl.skyscraper.payments.PaymentsApplication for test class cl.skyscraper.payments.controller.PaymentMethodControllerTest
2026-06-29T18:38:51.309-04:00  INFO 123763 --- [payments] [           main] t.c.s.AnnotationConfigContextLoaderUtils : Could not detect default configuration classes for test class [cl.skyscraper.payments.controller.PaymentMethodControllerTest]: PaymentMethodControllerTest does not declare any static, non-private, non-final, nested classes annotated with @Configuration.
2026-06-29T18:38:51.313-04:00  INFO 123763 --- [payments] [           main] .b.t.c.SpringBootTestContextBootstrapper : Found @SpringBootConfiguration cl.skyscraper.payments.PaymentsApplication for test class cl.skyscraper.payments.controller.PaymentMethodControllerTest

  .   ____          _            __ _ _
 /\\ / ___'_ __ _ _(_)_ __  __ _ \ \ \ \
( ( )\___ | '_ | '_| | '_ \/ _` | \ \ \ \
 \\/  ___)| |_)| | | | | || (_| |  ) ) ) )
  '  |____| .__|_| |_|_| |_\__, | / / / /
 =========|_|==============|___/=/_/_/_/

 :: Spring Boot ::                (v4.0.6)

2026-06-29T18:38:51.354-04:00  INFO 123763 --- [payments] [           main] c.s.p.c.PaymentMethodControllerTest      : Starting PaymentMethodControllerTest using Java 25.0.3 with PID 123763 (started by jeff in /home/jeff/Documents/DuocUC/Fullstack/payments)
2026-06-29T18:38:51.354-04:00  INFO 123763 --- [payments] [           main] c.s.p.c.PaymentMethodControllerTest      : The following 1 profile is active: "test"
2026-06-29T18:38:51.747-04:00  INFO 123763 --- [payments] [           main] o.s.b.t.m.w.SpringBootMockServletContext : Initializing Spring TestDispatcherServlet ''
2026-06-29T18:38:51.748-04:00  INFO 123763 --- [payments] [           main] o.s.t.web.servlet.TestDispatcherServlet  : Initializing Servlet ''
2026-06-29T18:38:51.750-04:00  INFO 123763 --- [payments] [           main] o.s.t.web.servlet.TestDispatcherServlet  : Completed initialization in 2 ms
2026-06-29T18:38:51.764-04:00  INFO 123763 --- [payments] [           main] c.s.p.c.PaymentMethodControllerTest      : Started PaymentMethodControllerTest in 0.438 seconds (process running for 3.337)
]]></system-out>
  </testcase>
  <testcase name="testGetPaymentMethodByIdReturnsNotFound" classname="cl.skyscraper.payments.controller.PaymentMethodControllerTest" time="0.013"/>
  <testcase name="testDeletePaymentMethod" classname="cl.skyscraper.payments.controller.PaymentMethodControllerTest" time="0.008"/>
  <testcase name="testUpdatePaymentMethod" classname="cl.skyscraper.payments.controller.PaymentMethodControllerTest" time="0.02"/>
  <testcase name="testCreatePaymentMethod" classname="cl.skyscraper.payments.controller.PaymentMethodControllerTest" time="0.011"/>
  <testcase name="testGetAllPaymentMethods" classname="cl.skyscraper.payments.controller.PaymentMethodControllerTest" time="0.009"/>
</testsuite>